Opening files...
Parsing specification from standard input...
Checking specification...
Warning: Terminal "DIVIDE" was declared but never used
Warning: Terminal "FUNCTION" was declared but never used
Warning: Terminal "GE" was declared but never used
Warning: Terminal "LPAREN" was declared but never used
Warning: Terminal "INT" was declared but never used
Warning: Terminal "ARRAY" was declared but never used
Warning: Terminal "FOR" was declared but never used
Warning: Terminal "MINUS" was declared but never used
Warning: Terminal "RPAREN" was declared but never used
Warning: Terminal "SEMICOLON" was declared but never used
Warning: Terminal "AND" was declared but never used
Warning: Terminal "LT" was declared but never used
Warning: Terminal "TYPE" was declared but never used
Warning: Terminal "NIL" was declared but never used
Warning: Terminal "IN" was declared but never used
Warning: Terminal "OR" was declared but never used
Warning: Terminal "COMMA" was declared but never used
Warning: Terminal "PLUS" was declared but never used
Warning: Terminal "ASSIGN" was declared but never used
Warning: Terminal "IF" was declared but never used
Warning: Terminal "DOT" was declared but never used
Warning: Terminal "LE" was declared but never used
Warning: Terminal "OF" was declared but never used
Warning: Terminal "NEQ" was declared but never used
Warning: Terminal "BREAK" was declared but never used
Warning: Terminal "EQ" was declared but never used
Warning: Terminal "LBRACK" was declared but never used
Warning: Terminal "TIMES" was declared but never used
Warning: Terminal "COLON" was declared but never used
Warning: Terminal "LBRACE" was declared but never used
Warning: Terminal "ELSE" was declared but never used
Warning: Terminal "RBRACK" was declared but never used
Warning: Terminal "TO" was declared but never used
Warning: Terminal "WHILE" was declared but never used
Warning: Terminal "LET" was declared but never used
Warning: Terminal "THEN" was declared but never used
Warning: Terminal "RBRACE" was declared but never used
Warning: Terminal "END" was declared but never used
Warning: Terminal "STRING" was declared but never used
Warning: Terminal "GT" was declared but never used
Warning: Terminal "VAR" was declared but never used
Warning: Terminal "DO" was declared but never used
Building parse tables...
  Computing non-terminal nullability...
  Computing first sets...
  Building state machine...
  Filling in tables...
  Checking for non-reduced productions...
Writing parser...
===== Terminals =====
[0]EOF [1]error [2]ID [3]STRING [4]INT 
[5]COMMA [6]COLON [7]SEMICOLON [8]LPAREN [9]RPAREN 
[10]LBRACK [11]RBRACK [12]LBRACE [13]RBRACE [14]DOT 
[15]PLUS [16]MINUS [17]TIMES [18]DIVIDE [19]EQ 
[20]NEQ [21]LT [22]LE [23]GT [24]GE 
[25]AND [26]OR [27]ASSIGN [28]ARRAY [29]IF 
[30]THEN [31]ELSE [32]WHILE [33]FOR [34]TO 
[35]DO [36]LET [37]IN [38]END [39]OF 
[40]BREAK [41]NIL [42]FUNCTION [43]VAR [44]TYPE 


===== Non terminals =====
[0]$START [1]program 

===== Productions =====
[0] $START ::= program EOF 
[1] program ::= ID 

===== Viable Prefix Recognizer =====
START lalr_state [0]: {
  [program ::= (*) ID , {EOF }]
  [$START ::= (*) program EOF , {EOF }]
}
transition on program to state [2]
transition on ID to state [1]

-------------------
lalr_state [1]: {
  [program ::= ID (*) , {EOF }]
}

-------------------
lalr_state [2]: {
  [$START ::= program (*) EOF , {EOF }]
}
transition on EOF to state [3]

-------------------
lalr_state [3]: {
  [$START ::= program EOF (*) , {EOF }]
}

-------------------
Closing files...
------- CUP v0.10k Parser Generation Summary -------
  0 errors and 42 warnings
  45 terminals, 2 non-terminals, and 2 productions declared, 
  producing 4 unique parse states.
  42 terminals declared but not used.
  0 non-terminals declared but not used.
  0 productions never reduced.
  0 conflicts detected (3 expected).
  Code written to "Grm.java", and "sym.java".
---------------------------------------------------- (v0.10k)
